2026-04-25 22:56:31,240  INFO      Loading dataset: New_dataset.csv
2026-04-25 22:56:31,382  INFO      Shape: (30000, 14)  |  Columns: ['Age', 'Gender', 'BloodPressure', 'Cholesterol', 'Glucose', 'HeartRate', 'BMI', 'Fever', 'Cough', 'Fatigue', 'Headache', 'Nausea', 'ShortnessBreath', 'Disease']
2026-04-25 22:56:31,413  INFO      Classes (8): ['Cardio-Diabetic Condition', 'Cardiovascular Disease', 'Diabetes', 'Healthy', 'Multiple Conditions', 'Obesity', 'Respiratory Disease', 'Viral Infection']
2026-04-25 22:56:31,456  INFO      Train size: 24000  |  Test size: 6000
2026-04-25 22:56:31,456  INFO      Starting RandomizedSearchCV (5-fold Stratified) …
2026-04-25 23:25:17,819  INFO      Best CV F1 (weighted): 1.0000
2026-04-25 23:25:17,869  INFO      Best params: {'classifier__subsample': 0.7, 'classifier__reg_lambda': 5.0, 'classifier__reg_alpha': 1.0, 'classifier__n_estimators': 300, 'classifier__min_child_weight': 5, 'classifier__max_depth': 6, 'classifier__learning_rate': 0.05, 'classifier__gamma': 0.1, 'classifier__colsample_bytree': 0.8}
2026-04-25 23:25:18,421  INFO      ============================================================
2026-04-25 23:25:18,422  INFO        TEST SET RESULTS
2026-04-25 23:25:18,422  INFO        Accuracy : 0.9998
2026-04-25 23:25:18,423  INFO        Precision: 0.9998
2026-04-25 23:25:18,423  INFO        Recall   : 0.9998
2026-04-25 23:25:18,424  INFO        F1       : 0.9998
2026-04-25 23:25:18,425  INFO      ============================================================
2026-04-25 23:25:18,469  INFO      
Classification Report:
                           precision    recall  f1-score   support

Cardio-Diabetic Condition       1.00      1.00      1.00       787
   Cardiovascular Disease       1.00      1.00      1.00      1888
                 Diabetes       1.00      1.00      1.00       919
                  Healthy       1.00      1.00      1.00       514
      Multiple Conditions       1.00      1.00      1.00      1204
                  Obesity       1.00      1.00      1.00       391
      Respiratory Disease       1.00      0.97      0.98        29
          Viral Infection       1.00      1.00      1.00       268

                 accuracy                           1.00      6000
                macro avg       1.00      1.00      1.00      6000
             weighted avg       1.00      1.00      1.00      6000

2026-04-25 23:25:18,486  INFO      
Top feature importances:
2026-04-25 23:25:18,488  INFO        Glucose                         0.3161
2026-04-25 23:25:18,489  INFO        BloodPressure                   0.1637
2026-04-25 23:25:18,490  INFO        Cholesterol                     0.1280
2026-04-25 23:25:18,490  INFO        BMI                             0.1179
2026-04-25 23:25:18,490  INFO        BMI_Cholesterol_Interaction     0.0479
2026-04-25 23:25:18,490  INFO        Cough                           0.0437
2026-04-25 23:25:18,491  INFO        Fatigue                         0.0421
2026-04-25 23:25:18,491  INFO        Fever                           0.0410
2026-04-25 23:25:18,492  INFO        ShortnessBreath                 0.0341
2026-04-25 23:25:18,492  INFO        Age_BP_Interaction              0.0315
2026-04-25 23:25:18,602  INFO      Pipeline saved -> models\healthpath_pipeline_v2.joblib
2026-04-25 23:25:18,605  INFO      Label encoder saved -> models\label_encoder_v2.joblib
2026-04-25 23:25:18,613  INFO      Metadata saved -> models\model_metadata.json
2026-04-25 23:25:22,184  INFO      Confusion matrix saved -> models\confusion_matrix_v2.png
2026-04-25 23:25:22,187  INFO      Training complete.
